Arguments: 
  /usr/local/bin/node /usr/share/yarn/bin/yarn.js publish

PATH: 
  /home/rafaelsp/.local/bin:/home/rafaelsp/.local/bin:/usr/local/sbin:/usr/local/bin:/usr/sbin:/usr/bin:/sbin:/bin:/usr/games:/usr/local/games:/snap/bin:/usr/lib/jvm/java-15-oracle/bin:/usr/lib/jvm/java-15-oracle/db/bin:/usr/lib/jvm/java-15-oracle/bin:/usr/lib/jvm/java-15-oracle/db/bin:/home/rafaelsp/.local/bin:/home/rafaelsp/.local/bin:/home/rafaelsp/.local/bin

Yarn version: 
  1.22.5

Node version: 
  14.15.1

Platform: 
  linux x64

Trace: 
  Error: canceled
      at Interface.<anonymous> (/usr/share/yarn/lib/cli.js:137009:13)
      at Interface.emit (events.js:315:20)
      at Interface._ttyWrite (readline.js:875:16)
      at ReadStream.onkeypress (readline.js:213:10)
      at ReadStream.emit (events.js:315:20)
      at emitKeys (internal/readline/utils.js:345:14)
      at emitKeys.next (<anonymous>)
      at ReadStream.onData (readline.js:1144:36)
      at ReadStream.emit (events.js:315:20)
      at addChunk (_stream_readable.js:309:12)

npm manifest: 
  {
    "name": "clean_architecture_module_generator",
    "version": "1.0.0",
    "main": "input.js",
    "author": "Rafael Silva Pereira",
    "license": "MIT"
  }

yarn manifest: 
  No manifest

Lockfile: 
  No lockfile
